{
  "RSpec": {
    "coverage": {
      "/Users/stover/turing/3module/projects/rales_engine/spec/support/factories.rb": [
        1,
        null,
        1,
        89,
        77,
        78,
        1,
        1,
        1,
        null,
        null,
        1,
        167,
        null,
        null,
        1,
        113,
        113,
        null,
        null,
        1,
        1,
        1,
        1,
        1,
        1,
        null,
        null,
        1,
        1,
        1,
        24,
        36,
        null,
        null,
        1,
        1,
        1,
        1,
        1,
        null,
        null
      ],
      "/Users/stover/turing/3module/projects/rales_engine/spec/requests/api/v1/business_intelligence/customers_favorite_merchant_spec.rb": [
        1,
        null,
        1,
        2,
        2,
        2,
        2,
        2,
        2,
        null,
        null,
        null,
        null,
        null,
        null,
        1,
        1,
        1,
        null,
        1,
        1,
        null,
        null
      ],
      "/Users/stover/turing/3module/projects/rales_engine/spec/requests/api/v1/business_intelligence/single_merchant_total_revenue_spec.rb": [
        1,
        null,
        1,
        1,
        3,
        3,
        3,
        3,
        3,
        3,
        3,
        3,
        3,
        3,
        3,
        null,
        1,
        1,
        1,
        null,
        1,
        1,
        null,
        null,
        1,
        0,
        0,
        0,
        0,
        null,
        null,
        0,
        0,
        0,
        0,
        null,
        null,
        1,
        1,
        1,
        null,
        1,
        1,
        null,
        null
      ],
      "/Users/stover/turing/3module/projects/rales_engine/spec/requests/api/v1/endpoints/customer_requests_spec.rb": [
        1,
        null,
        1,
        1,
        1,
        null,
        1,
        1,
        1,
        null,
        1,
        null,
        null,
        1,
        1,
        null,
        1,
        1,
        1,
        null,
        null
      ],
      "/Users/stover/turing/3module/projects/rales_engine/spec/requests/api/v1/endpoints/invoice_items_requests_spec.rb": [
        1,
        null,
        1,
        1,
        1,
        null,
        1,
        1,
        1,
        null,
        1,
        null,
        null,
        1,
        1,
        null,
        1,
        1,
        1,
        null,
        null
      ],
      "/Users/stover/turing/3module/projects/rales_engine/spec/requests/api/v1/endpoints/invoice_requests_spec.rb": [
        1,
        null,
        1,
        1,
        1,
        null,
        1,
        1,
        1,
        null,
        1,
        null,
        null,
        1,
        1,
        null,
        1,
        1,
        1,
        null,
        null
      ],
      "/Users/stover/turing/3module/projects/rales_engine/spec/requests/api/v1/endpoints/items_request_spec.rb": [
        1,
        null,
        1,
        1,
        1,
        null,
        1,
        null,
        1,
        null,
        1,
        null,
        1,
        null,
        null,
        1,
        1,
        null,
        1,
        null,
        1,
        null,
        1,
        1,
        null,
        null
      ],
      "/Users/stover/turing/3module/projects/rales_engine/spec/requests/api/v1/endpoints/merchant_requests_spec.rb": [
        1,
        null,
        1,
        1,
        1,
        null,
        1,
        1,
        1,
        null,
        1,
        null,
        null,
        1,
        0,
        null,
        0,
        0,
        0,
        null,
        null
      ],
      "/Users/stover/turing/3module/projects/rales_engine/spec/requests/api/v1/endpoints/transaction_requests_spec.rb": [
        1,
        null,
        1,
        1,
        1,
        null,
        1,
        1,
        1,
        null,
        1,
        null,
        null,
        1,
        1,
        null,
        1,
        1,
        1,
        null,
        null
      ],
      "/Users/stover/turing/3module/projects/rales_engine/spec/requests/api/v1/finders/customer_find_spec.rb": [
        1,
        null,
        1,
        null,
        3,
        null,
        1,
        6,
        6,
        null,
        1,
        1,
        null,
        1,
        1,
        null,
        1,
        1,
        null,
        null,
        1,
        1,
        null,
        1,
        1,
        null,
        1,
        1,
        null,
        null,
        1,
        1,
        null,
        1,
        1,
        null,
        1,
        1,
        null,
        null,
        1,
        1,
        null,
        1,
        1,
        null,
        1,
        1,
        null,
        null,
        1,
        1,
        null,
        1,
        1,
        null,
        1,
        1,
        null,
        null,
        null
      ],
      "/Users/stover/turing/3module/projects/rales_engine/spec/requests/api/v1/finders/invoice_items_spec.rb": [
        1,
        null,
        1,
        null,
        3,
        null,
        1,
        8,
        8,
        null,
        1,
        1,
        null,
        1,
        1,
        null,
        1,
        1,
        null,
        null,
        1,
        1,
        null,
        1,
        1,
        null,
        1,
        1,
        1,
        null,
        null,
        1,
        1,
        null,
        1,
        1,
        null,
        1,
        1,
        1,
        null,
        null,
        1,
        1,
        null,
        1,
        1,
        null,
        1,
        1,
        1,
        null,
        null,
        1,
        1,
        null,
        1,
        1,
        null,
        1,
        1,
        1,
        null,
        null,
        1,
        1,
        null,
        1,
        1,
        null,
        1,
        1,
        1,
        null,
        null,
        1,
        1,
        null,
        1,
        1,
        null,
        1,
        1,
        1,
        null,
        null,
        null
      ],
      "/Users/stover/turing/3module/projects/rales_engine/spec/requests/api/v1/finders/invoices_spec.rb": [
        1,
        null,
        1,
        null,
        3,
        null,
        1,
        7,
        7,
        null,
        1,
        1,
        null,
        1,
        1,
        null,
        1,
        1,
        1,
        null,
        null,
        1,
        1,
        null,
        1,
        1,
        null,
        1,
        1,
        1,
        null,
        null,
        null,
        1,
        1,
        null,
        1,
        1,
        null,
        1,
        1,
        1,
        null,
        null,
        1,
        1,
        null,
        1,
        1,
        null,
        1,
        1,
        1,
        null,
        null,
        1,
        1,
        null,
        1,
        1,
        null,
        1,
        1,
        1,
        null,
        null,
        1,
        1,
        null,
        1,
        1,
        null,
        1,
        1,
        1,
        null,
        null,
        null,
        1,
        1,
        1,
        null,
        1,
        0,
        null,
        0,
        0,
        null,
        0,
        0,
        0,
        null,
        null,
        null,
        1,
        0,
        null,
        0,
        0,
        null,
        0,
        0,
        0,
        null,
        null,
        1,
        0,
        null,
        0,
        0,
        null,
        0,
        0,
        0,
        null,
        null,
        1,
        0,
        null,
        0,
        0,
        null,
        0,
        0,
        0,
        null,
        null,
        1,
        0,
        null,
        0,
        0,
        null,
        0,
        0,
        0,
        null,
        null,
        null
      ],
      "/Users/stover/turing/3module/projects/rales_engine/spec/requests/api/v1/finders/items_spec.rb": [
        1,
        null,
        1,
        null,
        5,
        null,
        1,
        8,
        8,
        null,
        1,
        1,
        null,
        1,
        1,
        null,
        1,
        1,
        1,
        null,
        null,
        1,
        1,
        null,
        1,
        1,
        null,
        1,
        1,
        1,
        null,
        null,
        null,
        1,
        1,
        null,
        1,
        1,
        null,
        1,
        1,
        1,
        null,
        null,
        1,
        1,
        null,
        1,
        null,
        1,
        null,
        1,
        1,
        1,
        null,
        null,
        1,
        1,
        null,
        1,
        1,
        null,
        1,
        1,
        1,
        null,
        null,
        1,
        1,
        null,
        1,
        1,
        null,
        1,
        1,
        1,
        null,
        null,
        1,
        1,
        null,
        1,
        1,
        null,
        1,
        1,
        1,
        null,
        null,
        null,
        1,
        8,
        8,
        8,
        8,
        8,
        8,
        null,
        1,
        1,
        1,
        null,
        1,
        1,
        1,
        2,
        null,
        null,
        null,
        1,
        1,
        1,
        null,
        1,
        1,
        1,
        2,
        null,
        null,
        null,
        1,
        1,
        1,
        null,
        1,
        1,
        1,
        3,
        null,
        null,
        null,
        1,
        1,
        null,
        1,
        1,
        null,
        1,
        1,
        1,
        2,
        null,
        null,
        null,
        1,
        1,
        1,
        null,
        1,
        1,
        null,
        1,
        1,
        null,
        null,
        1,
        1,
        1,
        1,
        null,
        1,
        1,
        null,
        1,
        1,
        null,
        null,
        1,
        1,
        1,
        null,
        1,
        1,
        1,
        null,
        null,
        null
      ],
      "/Users/stover/turing/3module/projects/rales_engine/spec/requests/api/v1/finders/merchant_find_spec.rb": [
        1,
        null,
        1,
        null,
        3,
        null,
        1,
        6,
        6,
        null,
        1,
        1,
        null,
        1,
        1,
        null,
        1,
        1,
        null,
        null,
        1,
        1,
        null,
        1,
        1,
        null,
        1,
        1,
        null,
        null,
        1,
        1,
        null,
        1,
        1,
        null,
        1,
        1,
        null,
        null,
        1,
        1,
        null,
        1,
        1,
        null,
        1,
        1,
        null,
        null,
        1,
        1,
        1,
        null,
        1,
        null,
        null,
        null
      ],
      "/Users/stover/turing/3module/projects/rales_engine/spec/requests/api/v1/finders/transaction_find_spec.rb": [
        1,
        null,
        1,
        null,
        3,
        null,
        1,
        9,
        9,
        9,
        null,
        1,
        1,
        null,
        1,
        1,
        null,
        1,
        1,
        null,
        null,
        1,
        1,
        null,
        1,
        1,
        null,
        1,
        1,
        null,
        null,
        1,
        1,
        null,
        1,
        1,
        null,
        1,
        1,
        null,
        null,
        1,
        1,
        null,
        1,
        1,
        null,
        1,
        1,
        null,
        null,
        1,
        1,
        null,
        1,
        1,
        null,
        1,
        1,
        null,
        null,
        1,
        1,
        null,
        1,
        1,
        null,
        1,
        1,
        null,
        null,
        1,
        1,
        null,
        1,
        1,
        null,
        1,
        1,
        null,
        null,
        1,
        1,
        1,
        null,
        1,
        null,
        null,
        null
      ],
      "/Users/stover/turing/3module/projects/rales_engine/spec/requests/api/v1/relationships/customers_spec.rb": [
        1,
        null,
        1,
        3,
        3,
        3,
        3,
        3,
        3,
        3,
        null,
        1,
        1,
        1,
        null,
        1,
        1,
        null,
        1,
        3,
        null,
        1,
        null,
        null,
        1,
        1,
        1,
        null,
        1,
        1,
        3,
        null,
        1,
        null,
        null,
        null,
        null,
        null,
        null,
        null,
        null,
        null
      ],
      "/Users/stover/turing/3module/projects/rales_engine/spec/requests/api/v1/relationships/invoices_items_spec.rb": [
        1,
        null,
        1,
        3,
        3,
        3,
        3,
        3,
        3,
        null,
        1,
        1,
        1,
        null,
        1,
        1,
        null,
        null,
        1,
        1,
        1,
        null,
        1,
        1,
        null,
        null,
        null,
        null
      ],
      "/Users/stover/turing/3module/projects/rales_engine/spec/requests/api/v1/relationships/invoices_spec.rb": [
        1,
        null,
        1,
        6,
        6,
        6,
        6,
        6,
        6,
        6,
        6,
        null,
        1,
        1,
        1,
        null,
        1,
        1,
        2,
        null,
        null,
        null,
        1,
        1,
        1,
        null,
        1,
        1,
        1,
        1,
        2,
        null,
        1,
        null,
        null,
        1,
        1,
        1,
        null,
        1,
        1,
        1,
        1,
        1,
        null,
        1,
        null,
        null,
        1,
        1,
        1,
        null,
        1,
        1,
        null,
        null,
        1,
        1,
        1,
        null,
        1,
        1,
        null,
        null,
        null,
        null
      ],
      "/Users/stover/turing/3module/projects/rales_engine/spec/requests/api/v1/relationships/items_spec.rb": [
        1,
        null,
        1,
        3,
        3,
        3,
        3,
        3,
        3,
        null,
        1,
        1,
        1,
        null,
        1,
        1,
        2,
        null,
        1,
        null,
        null,
        1,
        1,
        1,
        null,
        1,
        1,
        null,
        null,
        null,
        null
      ],
      "/Users/stover/turing/3module/projects/rales_engine/spec/requests/api/v1/relationships/merchants_spec.rb": [
        1,
        null,
        1,
        3,
        3,
        3,
        3,
        3,
        3,
        3,
        3,
        3,
        null,
        1,
        1,
        1,
        null,
        1,
        1,
        4,
        null,
        1,
        null,
        null,
        1,
        1,
        1,
        null,
        1,
        1,
        3,
        null,
        1,
        null,
        null,
        null,
        null
      ],
      "/Users/stover/turing/3module/projects/rales_engine/spec/requests/api/v1/relationships/transactions_spec.rb": [
        1,
        null,
        1,
        2,
        2,
        null,
        1,
        1,
        1,
        null,
        1,
        1,
        null,
        null,
        null,
        null
      ],
      "/Users/stover/turing/3module/projects/rales_engine/spec/requests/api/v1/revenue_request_spec.rb": [
        1,
        null,
        1,
        1,
        0,
        null,
        0,
        0,
        0,
        null,
        null
      ],
      "/Users/stover/turing/3module/projects/rales_engine/app/models/item.rb": [
        1,
        1,
        1,
        1,
        null
      ],
      "/Users/stover/turing/3module/projects/rales_engine/app/models/application_record.rb": [
        1,
        1,
        1,
        2,
        null,
        null
      ],
      "/Users/stover/turing/3module/projects/rales_engine/app/models/merchant.rb": [
        1,
        1,
        1,
        null,
        1,
        null,
        1,
        null,
        null,
        null,
        null,
        1,
        null,
        null,
        1,
        null,
        null,
        null,
        1,
        null,
        null,
        1,
        null,
        null,
        null,
        0,
        null,
        null,
        1,
        1,
        0,
        null,
        1,
        null,
        null,
        null,
        1,
        null,
        null,
        null,
        null,
        null,
        1,
        null,
        null,
        1,
        null,
        null,
        null,
        null,
        0,
        null,
        null
      ],
      "/Users/stover/turing/3module/projects/rales_engine/app/models/customer.rb": [
        1,
        1,
        1,
        null,
        1,
        null,
        null,
        null,
        null,
        null,
        1,
        null,
        null
      ],
      "/Users/stover/turing/3module/projects/rales_engine/app/models/invoice.rb": [
        1,
        1,
        1,
        1,
        1,
        1,
        null,
        4,
        1,
        null,
        null
      ],
      "/Users/stover/turing/3module/projects/rales_engine/app/models/invoice_item.rb": [
        1,
        1,
        1,
        1,
        null,
        2,
        null,
        null
      ],
      "/Users/stover/turing/3module/projects/rales_engine/app/models/transaction.rb": [
        1,
        1,
        null,
        5,
        1,
        null,
        null
      ],
      "/Users/stover/turing/3module/projects/rales_engine/app/controllers/api/v1/merchants/most_revenue_controller.rb": [
        1,
        1,
        1,
        null,
        null
      ],
      "/Users/stover/turing/3module/projects/rales_engine/app/controllers/application_controller.rb": [
        1,
        null
      ],
      "/Users/stover/turing/3module/projects/rales_engine/app/controllers/api/v1/customers/favorite_merchant_controller.rb": [
        1,
        1,
        1,
        1,
        null,
        null
      ],
      "/Users/stover/turing/3module/projects/rales_engine/app/serializers/customers_favorite_merchant_serializer.rb": [
        1,
        1,
        null
      ],
      "/Users/stover/turing/3module/projects/rales_engine/app/controllers/api/v1/merchants/revenue_controller.rb": [
        1,
        1,
        1,
        1,
        null,
        null
      ],
      "/Users/stover/turing/3module/projects/rales_engine/app/serializers/merchant_revenue_serializer.rb": [
        1,
        1,
        null,
        1,
        1,
        null,
        null
      ],
      "/Users/stover/turing/3module/projects/rales_engine/app/controllers/api/v1/merchants/favorite_customer_controller.rb": [
        1,
        1,
        1,
        1,
        null,
        null
      ],
      "/Users/stover/turing/3module/projects/rales_engine/app/serializers/merchant_favorite_customer_serializer.rb": [
        1,
        1,
        null
      ],
      "/Users/stover/turing/3module/projects/rales_engine/app/controllers/api/v1/customers_controller.rb": [
        1,
        1,
        1,
        null,
        null,
        1,
        1,
        null,
        null
      ],
      "/Users/stover/turing/3module/projects/rales_engine/app/serializers/customer_serializer.rb": [
        1,
        1,
        null,
        null,
        null
      ],
      "/Users/stover/turing/3module/projects/rales_engine/app/controllers/api/v1/invoice_items_controller.rb": [
        1,
        1,
        1,
        null,
        null,
        1,
        1,
        null,
        null
      ],
      "/Users/stover/turing/3module/projects/rales_engine/app/serializers/invoice_item_serializer.rb": [
        1,
        1,
        null,
        null,
        null,
        null,
        null,
        1,
        15,
        null,
        null
      ],
      "/Users/stover/turing/3module/projects/rales_engine/app/controllers/api/v1/invoices_controller.rb": [
        1,
        1,
        1,
        null,
        null,
        1,
        1,
        null,
        null
      ],
      "/Users/stover/turing/3module/projects/rales_engine/app/serializers/invoice_serializer.rb": [
        1,
        1,
        null,
        null,
        null,
        null
      ],
      "/Users/stover/turing/3module/projects/rales_engine/app/controllers/api/v1/items_controller.rb": [
        1,
        null,
        1,
        1,
        null,
        null,
        1,
        1,
        null,
        null
      ],
      "/Users/stover/turing/3module/projects/rales_engine/app/serializers/item_serializer.rb": [
        1,
        1,
        null,
        null,
        null,
        null,
        null,
        1,
        33,
        null,
        null
      ],
      "/Users/stover/turing/3module/projects/rales_engine/app/controllers/api/v1/merchants_controller.rb": [
        1,
        1,
        1,
        null,
        null,
        1,
        0,
        null,
        null
      ],
      "/Users/stover/turing/3module/projects/rales_engine/app/serializers/merchant_serializer.rb": [
        1,
        1,
        null,
        null
      ],
      "/Users/stover/turing/3module/projects/rales_engine/app/controllers/api/v1/transactions_controller.rb": [
        1,
        1,
        1,
        null,
        null,
        1,
        1,
        null,
        null
      ],
      "/Users/stover/turing/3module/projects/rales_engine/app/serializers/transaction_serializer.rb": [
        1,
        1,
        null,
        null,
        null,
        null,
        null,
        null,
        null,
        null
      ],
      "/Users/stover/turing/3module/projects/rales_engine/app/controllers/api/v1/customers/find_controller.rb": [
        1,
        1,
        0,
        null,
        null,
        1,
        5,
        null,
        1,
        1,
        5,
        null,
        null,
        null,
        null,
        null,
        null
      ],
      "/Users/stover/turing/3module/projects/rales_engine/app/controllers/api/v1/invoice_items/find_controller.rb": [
        1,
        1,
        0,
        null,
        null,
        1,
        7,
        null,
        1,
        1,
        7,
        null,
        null,
        null,
        null,
        null,
        null,
        null,
        null,
        1,
        1,
        null,
        null,
        1,
        7,
        7,
        7,
        null,
        null,
        null
      ],
      "/Users/stover/turing/3module/projects/rales_engine/app/controllers/api/v1/invoices/find_controller.rb": [
        1,
        1,
        0,
        null,
        null,
        1,
        6,
        null,
        1,
        1,
        6,
        null,
        null,
        null,
        null,
        null,
        null,
        null
      ],
      "/Users/stover/turing/3module/projects/rales_engine/app/controllers/api/v1/items/find_controller.rb": [
        1,
        1,
        7,
        null,
        null,
        1,
        7,
        null,
        1,
        1,
        14,
        null,
        null,
        null,
        null,
        null,
        null,
        null,
        null,
        1,
        2,
        null,
        null,
        1,
        14,
        14,
        14,
        null,
        null,
        null,
        null,
        null
      ],
      "/Users/stover/turing/3module/projects/rales_engine/app/controllers/api/v1/merchants/find_controller.rb": [
        1,
        1,
        0,
        null,
        null,
        1,
        4,
        null,
        null,
        1,
        1,
        4,
        null,
        null,
        null,
        null,
        null
      ],
      "/Users/stover/turing/3module/projects/rales_engine/app/controllers/api/v1/merchants/random_controller.rb": [
        1,
        1,
        1,
        null,
        null
      ],
      "/Users/stover/turing/3module/projects/rales_engine/app/controllers/api/v1/transactions/find_controller.rb": [
        1,
        1,
        0,
        null,
        null,
        1,
        7,
        null,
        null,
        1,
        null,
        1,
        7,
        null,
        null,
        null,
        null,
        null,
        null,
        null,
        null
      ],
      "/Users/stover/turing/3module/projects/rales_engine/app/controllers/api/v1/transactions/random_controller.rb": [
        1,
        1,
        1,
        null,
        null
      ],
      "/Users/stover/turing/3module/projects/rales_engine/app/controllers/api/v1/customers/invoices_controller.rb": [
        1,
        1,
        1,
        null,
        null
      ],
      "/Users/stover/turing/3module/projects/rales_engine/app/controllers/api/v1/customers/transactions_controller.rb": [
        1,
        1,
        1,
        null,
        null
      ],
      "/Users/stover/turing/3module/projects/rales_engine/app/controllers/api/v1/invoice_items/invoice_controller.rb": [
        1,
        1,
        1,
        null,
        null
      ],
      "/Users/stover/turing/3module/projects/rales_engine/app/controllers/api/v1/invoice_items/item_controller.rb": [
        1,
        1,
        1,
        null,
        null
      ],
      "/Users/stover/turing/3module/projects/rales_engine/app/controllers/api/v1/invoices/invoice_items_controller.rb": [
        1,
        1,
        1,
        null,
        null
      ],
      "/Users/stover/turing/3module/projects/rales_engine/app/controllers/api/v1/invoices/items_controller.rb": [
        1,
        1,
        1,
        null,
        null
      ],
      "/Users/stover/turing/3module/projects/rales_engine/app/controllers/api/v1/invoices/transactions_controller.rb": [
        1,
        1,
        1,
        null,
        null
      ],
      "/Users/stover/turing/3module/projects/rales_engine/app/controllers/api/v1/invoices/customer_controller.rb": [
        1,
        1,
        1,
        null,
        null
      ],
      "/Users/stover/turing/3module/projects/rales_engine/app/controllers/api/v1/invoices/merchant_controller.rb": [
        1,
        1,
        1,
        null,
        null
      ],
      "/Users/stover/turing/3module/projects/rales_engine/app/controllers/api/v1/items/invoice_items_controller.rb": [
        1,
        1,
        1,
        null,
        null
      ],
      "/Users/stover/turing/3module/projects/rales_engine/app/controllers/api/v1/items/merchant_controller.rb": [
        1,
        1,
        1,
        null,
        null
      ],
      "/Users/stover/turing/3module/projects/rales_engine/app/controllers/api/v1/merchants/items_controller.rb": [
        1,
        1,
        1,
        null,
        null
      ],
      "/Users/stover/turing/3module/projects/rales_engine/app/controllers/api/v1/merchants/invoices_controller.rb": [
        1,
        1,
        1,
        null,
        null
      ],
      "/Users/stover/turing/3module/projects/rales_engine/app/controllers/api/v1/transactions/invoice_controller.rb": [
        1,
        1,
        1,
        null,
        null
      ]
    },
    "timestamp": 1493939741
  }
}
